<?xml version="1.0" encoding="UTF-8"?>
<testsuite xmlns:xsi="http://www.w3.org/2001/XMLSchema-instance" xsi:noNamespaceSchemaLocation="https://maven.apache.org/surefire/maven-surefire-plugin/xsd/surefire-test-report-3.0.xsd" version="3.0" name="com.firstspringboot.firstspringboot.FirstspringbootApplicationTests" time="5.991" tests="1" errors="0" skipped="0" failures="0">
  <properties>
[...]
</properties>
  <testcase name="contextLoads" classname="com.firstspringboot.firstspringboot.FirstspringbootApplicationTests" time="0.826">
    <system-out><![CDATA[01:35:26.866 [main] INFO org.springframework.test.context.support.AnnotationConfigContextLoaderUtils -- Could not detect default configuration classes for test class [com.firstspringboot.firstspringboot.FirstspringbootApplicationTests]: FirstspringbootApplicationTests does not declare any static, non-private, non-final, nested classes annotated with @Configuration.
01:35:27.009 [main] INFO org.springframework.boot.test.context.SpringBootTestContextBootstrapper -- Found @SpringBootConfiguration com.firstspringboot.firstspringboot.FirstspringbootApplication for test class com.firstspringboot.firstspringboot.FirstspringbootApplicationTests
  .   ____          _            __ _ _
 /\\ / ___'_ __ _ _(_)_ __  __ _ \ \ \ \
( ( )\___ | '_ | '_| | '_ \/ _` | \ \ \ \
 \\/  ___)| |_)| | | | | || (_| |  ) ) ) )
  '  |____| .__|_| |_|_| |_\__, | / / / /
 =========|_|==============|___/=/_/_/_/

 :: Spring Boot ::                (v3.3.0)

2024-08-22T01:35:27.556+05:30  INFO 16780 --- [firstspringboot] [           main] c.f.f.FirstspringbootApplicationTests    : Starting FirstspringbootApplicationTests using Java 19.0.1 with PID 16780 (started by vivek singh in D:\API work\firstspringboot)
2024-08-22T01:35:27.557+05:30  INFO 16780 --- [firstspringboot] [           main] c.f.f.FirstspringbootApplicationTests    : No active profile set, falling back to 1 default profile: "default"
2024-08-22T01:35:28.312+05:30  INFO 16780 --- [firstspringboot] [           main] .s.d.r.c.RepositoryConfigurationDelegate : Multiple Spring Data modules found, entering strict repository configuration mode
2024-08-22T01:35:28.313+05:30  INFO 16780 --- [firstspringboot] [           main] .s.d.r.c.RepositoryConfigurationDelegate : Bootstrapping Spring Data MongoDB repositories in DEFAULT mode.
2024-08-22T01:35:28.459+05:30  INFO 16780 --- [firstspringboot] [           main] .s.d.r.c.RepositoryConfigurationDelegate : Finished Spring Data repository scanning in 140 ms. Found 3 MongoDB repository interfaces.
2024-08-22T01:35:28.479+05:30  INFO 16780 --- [firstspringboot] [           main] .s.d.r.c.RepositoryConfigurationDelegate : Multiple Spring Data modules found, entering strict repository configuration mode
2024-08-22T01:35:28.479+05:30  INFO 16780 --- [firstspringboot] [           main] .s.d.r.c.RepositoryConfigurationDelegate : Bootstrapping Spring Data Redis repositories in DEFAULT mode.
2024-08-22T01:35:28.493+05:30  INFO 16780 --- [firstspringboot] [           main] .RepositoryConfigurationExtensionSupport : Spring Data Redis - Could not safely identify store assignment for repository candidate interface com.firstspringboot.firstspringboot.repository.ConfigJournalRepository; If you want this repository to be a Redis repository, consider annotating your entities with one of these annotations: org.springframework.data.redis.core.RedisHash (preferred), or consider extending one of the following types with your repository: org.springframework.data.keyvalue.repository.KeyValueRepository
2024-08-22T01:35:28.494+05:30  INFO 16780 --- [firstspringboot] [           main] .RepositoryConfigurationExtensionSupport : Spring Data Redis - Could not safely identify store assignment for repository candidate interface com.firstspringboot.firstspringboot.repository.JournalRepositoryEntry; If you want this repository to be a Redis repository, consider annotating your entities with one of these annotations: org.springframework.data.redis.core.RedisHash (preferred), or consider extending one of the following types with your repository: org.springframework.data.keyvalue.repository.KeyValueRepository
2024-08-22T01:35:28.494+05:30  INFO 16780 --- [firstspringboot] [           main] .RepositoryConfigurationExtensionSupport : Spring Data Redis - Could not safely identify store assignment for repository candidate interface com.firstspringboot.firstspringboot.repository.UserRepository; If you want this repository to be a Redis repository, consider annotating your entities with one of these annotations: org.springframework.data.redis.core.RedisHash (preferred), or consider extending one of the following types with your repository: org.springframework.data.keyvalue.repository.KeyValueRepository
2024-08-22T01:35:28.494+05:30  INFO 16780 --- [firstspringboot] [           main] .s.d.r.c.RepositoryConfigurationDelegate : Finished Spring Data repository scanning in 5 ms. Found 0 Redis repository interfaces.
2024-08-22T01:35:29.127+05:30  INFO 16780 --- [firstspringboot] [stb.mongodb.net] org.mongodb.driver.cluster               : Adding discovered server ac-vpmevea-shard-00-02.kghastb.mongodb.net:27017 to client view of cluster
2024-08-22T01:35:29.145+05:30  INFO 16780 --- [firstspringboot] [           main] org.mongodb.driver.client                : MongoClient with metadata {"application": {"name": "Cluster0"}, "driver": {"name": "mongo-java-driver|sync|spring-boot", "version": "5.0.1"}, "os": {"type": "Windows", "name": "Windows 11", "architecture": "amd64", "version": "10.0"}, "platform": "Java/Oracle Corporation/19.0.1+10-21"} created with settings MongoClientSettings{readPreference=primary, writeConcern=WriteConcern{w=majority, wTimeout=null ms, journal=null}, retryWrites=true, retryReads=true, readConcern=ReadConcern{level=null}, credential=MongoCredential{mechanism=null, userName='vksingh001', source='admin', password=<hidden>, mechanismProperties=<hidden>}, transportSettings=null, commandListeners=[], codecRegistry=ProvidersCodecRegistry{codecProviders=[ValueCodecProvider{}, BsonValueCodecProvider{}, DBRefCodecProvider{}, DBObjectCodecProvider{}, DocumentCodecProvider{}, CollectionCodecProvider{}, IterableCodecProvider{}, MapCodecProvider{}, GeoJsonCodecProvider{}, GridFSFileCodecProvider{}, Jsr310CodecProvider{}, JsonObjectCodecProvider{}, BsonCodecProvider{}, EnumCodecProvider{}, com.mongodb.client.model.mql.ExpressionCodecProvider@48cd319d, com.mongodb.Jep395RecordCodecProvider@6f38f084, com.mongodb.KotlinCodecProvider@4ef18604]}, loggerSettings=LoggerSettings{maxDocumentLength=1000}, clusterSettings={hosts=[127.0.0.1:27017], srvHost=cluster0.kghastb.mongodb.net, srvServiceName=mongodb, mode=MULTIPLE, requiredClusterType=REPLICA_SET, requiredReplicaSetName='atlas-9cw007-shard-0', serverSelector='null', clusterListeners='[]', serverSelectionTimeout='30000 ms', localThreshold='15 ms'}, socketSettings=SocketSettings{connectTimeoutMS=10000, readTimeoutMS=0, receiveBufferSize=0, proxySettings=ProxySettings{host=null, port=null, username=null, password=null}}, heartbeatSocketSettings=SocketSettings{connectTimeoutMS=10000, readTimeoutMS=10000, receiveBufferSize=0, proxySettings=ProxySettings{host=null, port=null, username=null, password=null}}, connectionPoolSettings=ConnectionPoolSettings{maxSize=100, minSize=0, maxWaitTimeMS=120000, maxConnectionLifeTimeMS=0, maxConnectionIdleTimeMS=0, maintenanceInitialDelayMS=0, maintenanceFrequencyMS=60000, connectionPoolListeners=[], maxConnecting=2}, serverSettings=ServerSettings{heartbeatFrequencyMS=10000, minHeartbeatFrequencyMS=500, serverListeners='[]', serverMonitorListeners='[]'}, sslSettings=SslSettings{enabled=true, invalidHostNameAllowed=false, context=null}, applicationName='Cluster0', compressorList=[], uuidRepresentation=JAVA_LEGACY, serverApi=null, autoEncryptionSettings=null, dnsClient=null, inetAddressResolver=null, contextProvider=null}
2024-08-22T01:35:29.162+05:30  INFO 16780 --- [firstspringboot] [stb.mongodb.net] org.mongodb.driver.cluster               : Adding discovered server ac-vpmevea-shard-00-01.kghastb.mongodb.net:27017 to client view of cluster
2024-08-22T01:35:29.172+05:30  INFO 16780 --- [firstspringboot] [stb.mongodb.net] org.mongodb.driver.cluster               : Adding discovered server ac-vpmevea-shard-00-00.kghastb.mongodb.net:27017 to client view of cluster
2024-08-22T01:35:29.507+05:30  INFO 16780 --- [firstspringboot] [           main] org.mongodb.driver.cluster               : Waiting for server to become available for operation with ID 7. Remaining time: 30000 ms. Selector: WritableServerSelector, topology description: {type=REPLICA_SET, servers=[{address=ac-vpmevea-shard-00-02.kghastb.mongodb.net:27017, type=UNKNOWN, state=CONNECTING}, {address=ac-vpmevea-shard-00-00.kghastb.mongodb.net:27017, type=UNKNOWN, state=CONNECTING}, {address=ac-vpmevea-shard-00-01.kghastb.mongodb.net:27017, type=UNKNOWN, state=CONNECTING}].
2024-08-22T01:35:29.689+05:30  INFO 16780 --- [firstspringboot] [ngodb.net:27017] org.mongodb.driver.cluster               : Monitor thread successfully connected to server with description ServerDescription{address=ac-vpmevea-shard-00-02.kghastb.mongodb.net:27017, type=REPLICA_SET_SECONDARY, state=CONNECTED, ok=true, minWireVersion=0, maxWireVersion=21, maxDocumentSize=16777216, logicalSessionTimeoutMinutes=30, roundTripTimeNanos=288873300, setName='atlas-9cw007-shard-0', canonicalAddress=ac-vpmevea-shard-00-02.kghastb.mongodb.net:27017, hosts=[ac-vpmevea-shard-00-01.kghastb.mongodb.net:27017, ac-vpmevea-shard-00-00.kghastb.mongodb.net:27017, ac-vpmevea-shard-00-02.kghastb.mongodb.net:27017], passives=[], arbiters=[], primary='ac-vpmevea-shard-00-01.kghastb.mongodb.net:27017', tagSet=TagSet{[Tag{name='availabilityZone', value='aps1-az2'}, Tag{name='diskState', value='READY'}, Tag{name='nodeType', value='ELECTABLE'}, Tag{name='provider', value='AWS'}, Tag{name='region', value='AP_SOUTH_1'}, Tag{name='workloadType', value='OPERATIONAL'}]}, electionId=null, setVersion=40, topologyVersion=TopologyVersion{processId=66c46e646292eade10186251, counter=3}, lastWriteDate=Thu Aug 22 01:35:30 IST 2024, lastUpdateTimeNanos=694241506088400}
2024-08-22T01:35:29.690+05:30  INFO 16780 --- [firstspringboot] [ngodb.net:27017] org.mongodb.driver.cluster               : Monitor thread successfully connected to server with description ServerDescription{address=ac-vpmevea-shard-00-00.kghastb.mongodb.net:27017, type=REPLICA_SET_SECONDARY, state=CONNECTED, ok=true, minWireVersion=0, maxWireVersion=21, maxDocumentSize=16777216, logicalSessionTimeoutMinutes=30, roundTripTimeNanos=287383900, setName='atlas-9cw007-shard-0', canonicalAddress=ac-vpmevea-shard-00-00.kghastb.mongodb.net:27017, hosts=[ac-vpmevea-shard-00-01.kghastb.mongodb.net:27017, ac-vpmevea-shard-00-00.kghastb.mongodb.net:27017, ac-vpmevea-shard-00-02.kghastb.mongodb.net:27017], passives=[], arbiters=[], primary='ac-vpmevea-shard-00-01.kghastb.mongodb.net:27017', tagSet=TagSet{[Tag{name='availabilityZone', value='aps1-az1'}, Tag{name='diskState', value='READY'}, Tag{name='nodeType', value='ELECTABLE'}, Tag{name='provider', value='AWS'}, Tag{name='region', value='AP_SOUTH_1'}, Tag{name='workloadType', value='OPERATIONAL'}]}, electionId=null, setVersion=40, topologyVersion=TopologyVersion{processId=66c46d0b49d7a9a603aeeecf, counter=4}, lastWriteDate=Thu Aug 22 01:35:30 IST 2024, lastUpdateTimeNanos=694241506088400}
2024-08-22T01:35:29.690+05:30  INFO 16780 --- [firstspringboot] [ngodb.net:27017] org.mongodb.driver.cluster               : Monitor thread successfully connected to server with description ServerDescription{address=ac-vpmevea-shard-00-01.kghastb.mongodb.net:27017, type=REPLICA_SET_PRIMARY, state=CONNECTED, ok=true, minWireVersion=0, maxWireVersion=21, maxDocumentSize=16777216, logicalSessionTimeoutMinutes=30, roundTripTimeNanos=288886900, setName='atlas-9cw007-shard-0', canonicalAddress=ac-vpmevea-shard-00-01.kghastb.mongodb.net:27017, hosts=[ac-vpmevea-shard-00-01.kghastb.mongodb.net:27017, ac-vpmevea-shard-00-00.kghastb.mongodb.net:27017, ac-vpmevea-shard-00-02.kghastb.mongodb.net:27017], passives=[], arbiters=[], primary='ac-vpmevea-shard-00-01.kghastb.mongodb.net:27017', tagSet=TagSet{[Tag{name='availabilityZone', value='aps1-az3'}, Tag{name='diskState', value='READY'}, Tag{name='nodeType', value='ELECTABLE'}, Tag{name='provider', value='AWS'}, Tag{name='region', value='AP_SOUTH_1'}, Tag{name='workloadType', value='OPERATIONAL'}]}, electionId=7fffffff0000000000000025, setVersion=40, topologyVersion=TopologyVersion{processId=66c46c13d7424068242e5a26, counter=6}, lastWriteDate=Thu Aug 22 01:35:30 IST 2024, lastUpdateTimeNanos=694241506088300}
2024-08-22T01:35:29.692+05:30  INFO 16780 --- [firstspringboot] [ngodb.net:27017] org.mongodb.driver.cluster               : Discovered replica set primary ac-vpmevea-shard-00-01.kghastb.mongodb.net:27017 with max election id 7fffffff0000000000000025 and max set version 40
2024-08-22T01:35:30.381+05:30  WARN 16780 --- [firstspringboot] [           main] r$InitializeUserDetailsManagerConfigurer : Global AuthenticationManager configured with an AuthenticationProvider bean. UserDetailsService beans will not be used for username/password login. Consider removing the AuthenticationProvider bean. Alternatively, consider using the UserDetailsService in a manually instantiated DaoAuthenticationProvider.
2024-08-22T01:35:31.044+05:30  INFO 16780 --- [firstspringboot] [           main] o.s.s.web.DefaultSecurityFilterChain     : Will secure any request with [org.springframework.security.web.session.DisableEncodeUrlFilter@54970127, org.springframework.security.web.context.request.async.WebAsyncManagerIntegrationFilter@3c4c7e51, org.springframework.security.web.context.SecurityContextHolderFilter@46a97805, org.springframework.security.web.header.HeaderWriterFilter@771afdd5, org.springframework.web.filter.CorsFilter@749ee0e3, org.springframework.security.web.authentication.logout.LogoutFilter@33e4068, com.firstspringboot.firstspringboot.utils.JwtFilter@7891cf3, org.springframework.security.web.savedrequest.RequestCacheAwareFilter@af04f09, org.springframework.security.web.servletapi.SecurityContextHolderAwareRequestFilter@58e5fbe5, org.springframework.security.web.authentication.AnonymousAuthenticationFilter@6bfbab1c, org.springframework.security.web.access.ExceptionTranslationFilter@69944a90, org.springframework.security.web.access.intercept.AuthorizationFilter@5a8656a2]
2024-08-22T01:35:31.511+05:30  INFO 16780 --- [firstspringboot] [           main] o.a.k.clients.consumer.ConsumerConfig    : ConsumerConfig values: 
	allow.auto.create.topics = true
	auto.commit.interval.ms = 5000
	auto.include.jmx.reporter = true
	auto.offset.reset = latest
	bootstrap.servers = [pkc-l7pr2.ap-south-1.aws.confluent.cloud:9092]
	check.crcs = true
	client.dns.lookup = use_all_dns_ips
	client.id = consumer-weekly-sentiment-group-1
	client.rack = 
	connections.max.idle.ms = 540000
	default.api.timeout.ms = 60000
	enable.auto.commit = false
	enable.metrics.push = true
	exclude.internal.topics = true
	fetch.max.bytes = 52428800
	fetch.max.wait.ms = 500
	fetch.min.bytes = 1
	group.id = weekly-sentiment-group
	group.instance.id = null
	group.protocol = classic
	group.remote.assignor = null
	heartbeat.interval.ms = 3000
	interceptor.classes = []
	internal.leave.group.on.close = true
	internal.throw.on.fetch.stable.offset.unsupported = false
	isolation.level = read_uncommitted
	key.deserializer = class org.apache.kafka.common.serialization.StringDeserializer
	max.partition.fetch.bytes = 1048576
	max.poll.interval.ms = 300000
	max.poll.records = 500
	metadata.max.age.ms = 300000
	metric.reporters = []
	metrics.num.samples = 2
	metrics.recording.level = INFO
	metrics.sample.window.ms = 30000
	partition.assignment.strategy = [class org.apache.kafka.clients.consumer.RangeAssignor, class org.apache.kafka.clients.consumer.CooperativeStickyAssignor]
	receive.buffer.bytes = 65536
	reconnect.backoff.max.ms = 1000
	reconnect.backoff.ms = 50
	request.timeout.ms = 30000
	retry.backoff.max.ms = 1000
	retry.backoff.ms = 100
	sasl.client.callback.handler.class = null
	sasl.jaas.config = [hidden]
	sasl.kerberos.kinit.cmd = /usr/bin/kinit
	sasl.kerberos.min.time.before.relogin = 60000
	sasl.kerberos.service.name = null
	sasl.kerberos.ticket.renew.jitter = 0.05
	sasl.kerberos.ticket.renew.window.factor = 0.8
	sasl.login.callback.handler.class = null
	sasl.login.class = null
	sasl.login.connect.timeout.ms = null
	sasl.login.read.timeout.ms = null
	sasl.login.refresh.buffer.seconds = 300
	sasl.login.refresh.min.period.seconds = 60
	sasl.login.refresh.window.factor = 0.8
	sasl.login.refresh.window.jitter = 0.05
	sasl.login.retry.backoff.max.ms = 10000
	sasl.login.retry.backoff.ms = 100
	sasl.mechanism = PLAIN
	sasl.oauthbearer.clock.skew.seconds = 30
	sasl.oauthbearer.expected.audience = null
	sasl.oauthbearer.expected.issuer = null
	sasl.oauthbearer.jwks.endpoint.refresh.ms = 3600000
	sasl.oauthbearer.jwks.endpoint.retry.backoff.max.ms = 10000
	sasl.oauthbearer.jwks.endpoint.retry.backoff.ms = 100
	sasl.oauthbearer.jwks.endpoint.url = null
	sasl.oauthbearer.scope.claim.name = scope
	sasl.oauthbearer.sub.claim.name = sub
	sasl.oauthbearer.token.endpoint.url = null
	security.protocol = SASL_SSL
	security.providers = null
	send.buffer.bytes = 131072
	session.timeout.ms = 45000
	socket.connection.setup.timeout.max.ms = 30000
	socket.connection.setup.timeout.ms = 10000
	ssl.cipher.suites = null
	ssl.enabled.protocols = [TLSv1.2, TLSv1.3]
	ssl.endpoint.identification.algorithm = https
	ssl.engine.factory.class = null
	ssl.key.password = null
	ssl.keymanager.algorithm = SunX509
	ssl.keystore.certificate.chain = null
	ssl.keystore.key = null
	ssl.keystore.location = null
	ssl.keystore.password = null
	ssl.keystore.type = JKS
	ssl.protocol = TLSv1.3
	ssl.provider = null
	ssl.secure.random.implementation = null
	ssl.trustmanager.algorithm = PKIX
	ssl.truststore.certificates = null
	ssl.truststore.location = null
	ssl.truststore.password = null
	ssl.truststore.type = JKS
	value.deserializer = class org.springframework.kafka.support.serializer.JsonDeserializer

2024-08-22T01:35:31.590+05:30  INFO 16780 --- [firstspringboot] [           main] o.a.k.c.t.i.KafkaMetricsCollector        : initializing Kafka metrics collector
2024-08-22T01:35:31.739+05:30  INFO 16780 --- [firstspringboot] [           main] o.a.k.c.s.authenticator.AbstractLogin    : Successfully logged in.
2024-08-22T01:35:31.804+05:30  INFO 16780 --- [firstspringboot] [           main] o.a.kafka.common.utils.AppInfoParser     : Kafka version: 3.7.0
2024-08-22T01:35:31.805+05:30  INFO 16780 --- [firstspringboot] [           main] o.a.kafka.common.utils.AppInfoParser     : Kafka commitId: 2ae524ed625438c5
2024-08-22T01:35:31.805+05:30  INFO 16780 --- [firstspringboot] [           main] o.a.kafka.common.utils.AppInfoParser     : Kafka startTimeMs: 1724270731803
2024-08-22T01:35:31.809+05:30  INFO 16780 --- [firstspringboot] [           main] o.a.k.c.c.internals.LegacyKafkaConsumer  : [Consumer clientId=consumer-weekly-sentiment-group-1, groupId=weekly-sentiment-group] Subscribed to topic(s): weekly-sentiments
2024-08-22T01:35:31.827+05:30  INFO 16780 --- [firstspringboot] [           main] c.f.f.FirstspringbootApplicationTests    : Started FirstspringbootApplicationTests in 4.62 seconds (process running for 5.742)
]]></system-out>
  </testcase>
</testsuite>